{
  "RSpec": {
    "coverage": {
      "/Users/ttrjw/Dropbox/Makers/tech_tests/smart-pensions-tech-test/spec/analyzer_spec.rb": [
        null,
        null,
        1,
        1,
        null,
        1,
        1,
        2,
        2,
        null,
        1,
        1,
        1,
        null,
        1,
        1,
        null,
        null,
        null,
        null,
        1,
        1,
        1,
        1,
        1,
        1,
        1,
        null,
        1,
        1,
        1,
        1,
        1,
        null,
        null,
        null,
        null,
        1,
        1,
        3,
        3,
        3,
        null,
        1,
        1,
        1,
        null,
        1,
        1,
        null,
        1,
        1,
        1,
        null,
        null,
        null,
        null,
        1,
        1,
        2,
        2,
        2,
        null,
        1,
        1,
        1,
        null,
        1,
        1,
        null,
        null,
        null,
        null,
        1,
        1,
        1,
        1,
        1,
        1,
        null,
        null
      ],
      "/Users/ttrjw/Dropbox/Makers/tech_tests/smart-pensions-tech-test/lib/analyzer.rb": [
        null,
        null,
        null,
        1,
        1,
        null,
        1,
        12,
        12,
        12,
        12,
        null,
        null,
        null,
        null,
        null,
        1,
        12,
        12,
        12,
        54,
        54,
        null,
        12,
        null,
        null,
        null,
        null,
        null,
        1,
        14,
        14,
        28,
        28,
        null,
        14,
        null,
        null,
        null,
        null,
        null,
        1,
        33,
        33,
        33,
        150,
        150,
        null,
        33,
        null,
        null,
        null,
        null,
        null,
        1,
        31,
        31,
        null,
        null,
        null,
        null,
        null,
        1,
        15,
        15,
        30,
        30,
        30,
        null,
        15,
        null,
        null,
        1,
        null,
        1,
        58,
        null,
        null
      ],
      "/Users/ttrjw/Dropbox/Makers/tech_tests/smart-pensions-tech-test/lib/weblog.rb": [
        null,
        null,
        null,
        1,
        1,
        1,
        15,
        15,
        15,
        58,
        58,
        58,
        58,
        null,
        15,
        null,
        null
      ],
      "/Users/ttrjw/Dropbox/Makers/tech_tests/smart-pensions-tech-test/spec/output_writer_spec.rb": [
        null,
        null,
        1,
        1,
        1,
        null,
        1,
        1,
        2,
        2,
        2,
        null,
        1,
        1,
        1,
        1,
        null,
        1,
        1,
        1,
        1,
        null,
        null
      ],
      "/Users/ttrjw/Dropbox/Makers/tech_tests/smart-pensions-tech-test/lib/output_writer.rb": [
        null,
        null,
        null,
        null,
        1,
        1,
        2,
        2,
        null,
        null,
        1,
        1,
        1,
        1,
        null,
        null,
        1,
        1,
        1,
        1,
        null,
        null,
        1,
        null,
        1,
        2,
        2,
        4,
        4,
        4,
        4,
        null,
        2,
        null,
        null,
        1,
        4,
        2,
        null,
        2,
        null,
        null,
        null
      ],
      "/Users/ttrjw/Dropbox/Makers/tech_tests/smart-pensions-tech-test/spec/weblog_spec.rb": [
        null,
        null,
        1,
        null,
        1,
        1,
        null,
        1,
        1,
        null,
        1,
        null,
        1,
        1,
        null,
        1,
        1,
        1,
        null,
        null
      ]
    },
    "timestamp": 1581528904
  }
}
